0 info it worked if it ends with ok
1 verbose cli [ 'nodejs', '/usr/bin/npm', 'install', 'coffeescript', '-g' ]
2 info using npm@1.1.71
3 info using node@v0.8.17
4 verbose read json /usr/lib/package.json
5 verbose read json /usr/lib/package.json
6 verbose cache add [ 'coffeescript', null ]
7 silly cache add name=undefined spec="coffeescript" args=["coffeescript",null]
8 verbose parsed url { pathname: 'coffeescript',
8 verbose parsed url   path: 'coffeescript',
8 verbose parsed url   href: 'coffeescript' }
9 silly lockFile f5fbc02e-coffeescript coffeescript
10 verbose lock coffeescript /root/.npm/f5fbc02e-coffeescript.lock
11 silly lockFile f5fbc02e-coffeescript coffeescript
12 verbose addNamed [ 'coffeescript', '' ]
13 verbose addNamed [ null, '' ]
14 silly lockFile 62a8d146-coffeescript coffeescript@
15 verbose lock coffeescript@ /root/.npm/62a8d146-coffeescript.lock
16 silly addNameRange { name: 'coffeescript', range: '', hasData: false }
17 verbose url raw coffeescript
18 verbose url resolving [ 'https://registry.npmjs.org/', './coffeescript' ]
19 verbose url resolved https://registry.npmjs.org/coffeescript
20 info trying registry request attempt 1 at 11:11:18
21 http GET https://registry.npmjs.org/coffeescript
22 http 404 https://registry.npmjs.org/coffeescript
23 silly registry.get cb [ 404,
23 silly registry.get   { server: 'CouchDB/1.2.1 (Erlang OTP/R15B)',
23 silly registry.get     date: 'Fri, 01 Feb 2013 07:09:36 GMT',
23 silly registry.get     'content-type': 'application/json',
23 silly registry.get     'content-length': '52',
23 silly registry.get     'cache-control': 'must-revalidate' } ]
24 silly lockFile 62a8d146-coffeescript coffeescript@
25 error 404 'coffeescript' is not in the npm registry.
25 error 404 You should bug the author to publish it
25 error 404
25 error 404 Note that you can also install from a
25 error 404 tarball, folder, or http url, or git url.
26 error System Linux 3.5.0-21-generic
27 error command "nodejs" "/usr/bin/npm" "install" "coffeescript" "-g"
28 error cwd /aleksnick/sn/project
29 error node -v v0.8.17
30 error npm -v 1.1.71
31 error code E404
32 verbose exit [ 1, true ]
